#
# A fatal error has been detected by the Java Runtime Environment:
#
#  EXCEPTION_ACCESS_VIOLATION (0xc0000005) at pc=0x00007ffcf6824415, pid=9228, tid=5272
#
# JRE version: OpenJDK Runtime Environment Temurin-17.0.6+10 (17.0.6+10) (build 17.0.6+10)
# Java VM: OpenJDK 64-Bit Server VM Temurin-17.0.6+10 (17.0.6+10, mixed mode, tiered, compressed oops, compressed class ptrs, g1 gc, windows-amd64)
# Problematic frame:
# V  [jvm.dll+0x6c4415]
#
# No core dump will be written. Minidumps are not enabled by default on client versions of Windows
#
# If you would like to submit a bug report, please visit:
#   https://github.com/adoptium/adoptium-support/issues
#

---------------  S U M M A R Y ------------

Command Line: -Dfile.encoding=UTF-8 -XX:+ShowCodeDetailsInExceptionMessages com.excelar.blog.BlogAppApisApplication

Host: Intel(R) Core(TM) i3-2330M CPU @ 2.20GHz, 4 cores, 5G,  Windows 10 , 64 bit Build 19041 (10.0.19041.3636)
Time: Mon Nov 27 18:52:16 2023 India Standard Time elapsed time: 1353.199455 seconds (0d 0h 22m 33s)

---------------  T H R E A D  ---------------

Current thread (0x00000126af017c80):  JavaThread "C2 CompilerThread1" daemon [_thread_in_native, id=5272, stack(0x000000221f500000,0x000000221f600000)]


Current CompileTask:
C2:1353199 7155   !   4       org.springframework.util.ReflectionUtils::doWithMethods (186 bytes)

Stack: [0x000000221f500000,0x000000221f600000],  sp=0x000000221f5fb690,  free space=1005k
Native frames: (J=compiled Java code, j=interpreted, Vv=VM code, C=native code)
V  [jvm.dll+0x6c4415]
V  [jvm.dll+0x1bbabb]
V  [jvm.dll+0x218749]
V  [jvm.dll+0x217a11]
V  [jvm.dll+0x1a3d0d]
V  [jvm.dll+0x22742a]
V  [jvm.dll+0x225565]
V  [jvm.dll+0x7ea2cb]
V  [jvm.dll+0x7e483a]
V  [jvm.dll+0x6762c5]
C  [ucrtbase.dll+0x21bb2]
C  [KERNEL32.DLL+0x17344]
C  [ntdll.dll+0x526b1]


siginfo: EXCEPTION_ACCESS_VIOLATION (0xc0000005), reading address 0xffffffffffffffff


Register to memory mapping:

RIP=0x00007ffcf6824415 jvm.dll
RAX=0x0000000000000002 is an unknown value
RBX=0x0000000000000003 is an unknown value
RCX=0x0000000000000002 is an unknown value
RDX=0x08000126b6865300 is an unknown value
RSP=0x000000221f5fb690 is pointing into the stack for thread: 0x00000126af017c80
RBP=0x000000221f5fb790 is pointing into the stack for thread: 0x00000126af017c80
RSI=0x0 is NULL
RDI=0x00000126b72cf8a0 points into unknown readable memory: 0x00007ffcf6a43250 | 50 32 a4 f6 fc 7f 00 00
R8 =0x0 is NULL
R9 =0x0000000000000002 is an unknown value
R10=0x0 is NULL
R11=0x0000000000000108 is an unknown value
R12=0x00000126b19721b0 points into unknown readable memory: 0x0000000000000000 | 00 00 00 00 00 00 00 00
R13=0x00000126b72d0cb0 points into unknown readable memory: 0x00007ffcf6a7b1f0 | f0 b1 a7 f6 fc 7f 00 00
R14=0x0000000000000004 is an unknown value
R15=0x000000221f5fbf00 is pointing into the stack for thread: 0x00000126af017c80


Registers:
RAX=0x0000000000000002, RBX=0x0000000000000003, RCX=0x0000000000000002, RDX=0x08000126b6865300
RSP=0x000000221f5fb690, RBP=0x000000221f5fb790, RSI=0x0000000000000000, RDI=0x00000126b72cf8a0
R8 =0x0000000000000000, R9 =0x0000000000000002, R10=0x0000000000000000, R11=0x0000000000000108
R12=0x00000126b19721b0, R13=0x00000126b72d0cb0, R14=0x0000000000000004, R15=0x000000221f5fbf00
RIP=0x00007ffcf6824415, EFLAGS=0x0000000000010202

Top of Stack: (sp=0x000000221f5fb690)
0x000000221f5fb690:   000000221f5fbf00 000000000000000c
0x000000221f5fb6a0:   00000126b0402e10 00000126b6bae7c0
0x000000221f5fb6b0:   00000126afd244f0 0000012600000007
0x000000221f5fb6c0:   0000012600003231 000000221f5fb701
0x000000221f5fb6d0:   0000012600000100 000000221f5fb880
0x000000221f5fb6e0:   0000000000000002 0000000000000001
0x000000221f5fb6f0:   0000002200000001 00000126b72d0cb0
0x000000221f5fb700:   0000000100000108 00007ffc00000e0f
0x000000221f5fb710:   0000000000000000 00000126b72cf8a0
0x000000221f5fb720:   00007ffc00000001 00000126b19721b0
0x000000221f5fb730:   0000081b00000000 00000126b19729f0
0x000000221f5fb740:   00000126b30832e0 000000000009a6e0
0x000000221f5fb750:   00000126b1fe5280 00000126b307f0f0
0x000000221f5fb760:   00000126b1ffd250 00000126b6bae2f0
0x000000221f5fb770:   0000000000000000 00000126b1fed270
0x000000221f5fb780:   0000000000000000 0000000000000003 

Instructions: (pc=0x00007ffcf6824415)
0x00007ffcf6824315:   0a 4b 89 1c f9 48 85 db 74 29 48 8b 4b 10 48 85
0x00007ffcf6824325:   c9 74 20 8b 43 20 3b 43 24 75 11 8b d0 48 8b cb
0x00007ffcf6824335:   e8 e6 15 f9 ff 8b 43 20 48 8b 4b 10 4c 89 24 c1
0x00007ffcf6824345:   ff 43 20 e8 03 e6 94 ff 44 8b b5 28 03 00 00 4c
0x00007ffcf6824355:   8b cb 4c 8b 6c 24 68 45 8b c6 4c 8b bd 10 03 00
0x00007ffcf6824365:   00 49 8b d5 49 89 74 24 48 41 ff c6 8b 8d 18 03
0x00007ffcf6824375:   00 00 89 4c 24 20 8d 41 01 49 8b cf 89 85 18 03
0x00007ffcf6824385:   00 00 e8 04 0a 00 00 33 f6 41 ff c6 e9 fb e8 ff
0x00007ffcf6824395:   ff 4c 8b bd 10 03 00 00 44 8b b5 28 03 00 00 4c
0x00007ffcf68243a5:   8b 6c 24 68 33 f6 41 ff c6 e9 de e8 ff ff 44 8b
0x00007ffcf68243b5:   5c 24 70 44 8b d6 45 85 db 74 6f 4c 8b 65 98 0f
0x00007ffcf68243c5:   1f 40 00 0f 1f 84 00 00 00 00 00 48 8b 4d d0 49
0x00007ffcf68243d5:   63 c2 44 8b 0c 81 41 8b 45 4c 45 8b c1 ff c8 49
0x00007ffcf68243e5:   c1 e8 06 41 83 e0 03 48 8d 14 80 49 8b 47 68 48
0x00007ffcf68243f5:   c1 e2 05 48 8b 48 10 41 8b c1 48 c1 e8 08 48 8b
0x00007ffcf6824405:   54 0a 08 48 8b 14 c2 41 0f b6 c1 24 3f 0f b6 c8
0x00007ffcf6824415:   4a 8b 04 c2 48 0f a3 c8 72 04 49 89 34 24 41 ff
0x00007ffcf6824425:   c2 49 83 c4 08 45 3b d3 72 a1 44 8b 45 a4 49 8b
0x00007ffcf6824435:   57 48 41 ff c0 44 89 45 a4 44 3b 42 40 0f 82 68
0x00007ffcf6824445:   e1 ff ff 48 8b 7d 10 8b de 83 7f 18 00 76 36 0f
0x00007ffcf6824455:   1f 40 00 0f 1f 84 00 00 00 00 00 48 8b 47 10 44
0x00007ffcf6824465:   8b 85 18 03 00 00 8b cb 48 8b 14 c8 41 8d 40 01
0x00007ffcf6824475:   49 8b cf 89 85 18 03 00 00 e8 ed a6 af ff ff c3
0x00007ffcf6824485:   3b 5f 18 72 d6 8b 85 18 03 00 00 48 8b 55 08 89
0x00007ffcf6824495:   45 f4 8b c6 89 45 a0 83 7a 18 00 0f 86 ea 03 00
0x00007ffcf68244a5:   00 66 66 0f 1f 84 00 00 00 00 00 44 8b 85 18 03
0x00007ffcf68244b5:   00 00 8b c8 48 8b 42 10 4c 8b 2c c8 49 8b 47 48
0x00007ffcf68244c5:   4c 89 6d 20 41 8b 55 28 48 8b 48 78 49 8b 87 08
0x00007ffcf68244d5:   01 00 00 48 8b 3c d1 48 63 ca 49 8b d5 48 89 7d
0x00007ffcf68244e5:   b8 8b 1c 88 49 8b cf 48 8b 45 e8 8b 34 98 41 8d
0x00007ffcf68244f5:   40 01 89 85 18 03 00 00 89 b5 28 03 00 00 e8 68
0x00007ffcf6824505:   a6 af ff 48 8b 45 00 44 8b fe 8b 4f 4c 48 89 75 


Stack slot to memory mapping:
stack at sp + 0 slots: 0x000000221f5fbf00 is pointing into the stack for thread: 0x00000126af017c80
stack at sp + 1 slots: 0x000000000000000c is an unknown value
stack at sp + 2 slots: 0x00000126b0402e10 points into unknown readable memory: 0x00007ffcf6a76598 | 98 65 a7 f6 fc 7f 00 00
stack at sp + 3 slots: 0x00000126b6bae7c0 points into unknown readable memory: 0x3ff4b50805049be2 | e2 9b 04 05 08 b5 f4 3f
stack at sp + 4 slots: 0x00000126afd244f0 points into unknown readable memory: 0x00007ffcf6a44c18 | 18 4c a4 f6 fc 7f 00 00
stack at sp + 5 slots: 0x0000012600000007 is an unknown value
stack at sp + 6 slots: 0x0000012600003231 is an unknown value
stack at sp + 7 slots: 0x000000221f5fb701 is pointing into the stack for thread: 0x00000126af017c80


---------------  P R O C E S S  ---------------

Threads class SMR info:
_java_thread_list=0x00000126b5138910, length=20, elements={
0x00000126adade140, 0x00000126adadecc0, 0x00000126adb04030, 0x00000126adae3a80,
0x00000126adae4340, 0x00000126adb3cd30, 0x00000126adb3d5f0, 0x00000126adb3def0,
0x00000126adb3efd0, 0x00000126ae672f00, 0x00000126ae68f410, 0x00000126b0847c40,
0x00000126b08485e0, 0x00000126b6f558e0, 0x00000126b6f59c40, 0x00000126b6f575c0,
0x00000126af017c80, 0x00000126b6f592a0, 0x00000126b6f523f0, 0x00000126b6f59770
}

Java Threads: ( => current thread )
  0x00000126adade140 JavaThread "Reference Handler" daemon [_thread_blocked, id=2132, stack(0x000000221e900000,0x000000221ea00000)]
  0x00000126adadecc0 JavaThread "Finalizer" daemon [_thread_blocked, id=7644, stack(0x000000221ea00000,0x000000221eb00000)]
  0x00000126adb04030 JavaThread "Signal Dispatcher" daemon [_thread_blocked, id=7932, stack(0x000000221eb00000,0x000000221ec00000)]
  0x00000126adae3a80 JavaThread "Attach Listener" daemon [_thread_blocked, id=9272, stack(0x000000221ec00000,0x000000221ed00000)]
  0x00000126adae4340 JavaThread "Service Thread" daemon [_thread_blocked, id=7384, stack(0x000000221ed00000,0x000000221ee00000)]
  0x00000126adb3cd30 JavaThread "Monitor Deflation Thread" daemon [_thread_blocked, id=10292, stack(0x000000221ee00000,0x000000221ef00000)]
  0x00000126adb3d5f0 JavaThread "C2 CompilerThread0" daemon [_thread_in_native, id=8628, stack(0x000000221ef00000,0x000000221f000000)]
  0x00000126adb3def0 JavaThread "C1 CompilerThread0" daemon [_thread_blocked, id=8352, stack(0x000000221f000000,0x000000221f100000)]
  0x00000126adb3efd0 JavaThread "Sweeper thread" daemon [_thread_blocked, id=8740, stack(0x000000221f100000,0x000000221f200000)]
  0x00000126ae672f00 JavaThread "Notification Thread" daemon [_thread_blocked, id=7632, stack(0x000000221f200000,0x000000221f300000)]
  0x00000126ae68f410 JavaThread "Common-Cleaner" daemon [_thread_blocked, id=6440, stack(0x000000221f400000,0x000000221f500000)]
  0x00000126b0847c40 JavaThread "mysql-cj-abandoned-connection-cleanup" daemon [_thread_blocked, id=10416, stack(0x000000221ff00000,0x0000002220000000)]
  0x00000126b08485e0 JavaThread "Live Reload Server" daemon [_thread_in_native, id=9432, stack(0x0000002220400000,0x0000002220500000)]
  0x00000126b6f558e0 JavaThread "DestroyJavaVM" [_thread_blocked, id=6324, stack(0x000000221e200000,0x000000221e300000)]
  0x00000126b6f59c40 JavaThread "Thread-11" [_thread_blocked, id=924, stack(0x000000221df00000,0x000000221e000000)]
  0x00000126b6f575c0 JavaThread "restartedMain" [_thread_in_native, id=2564, stack(0x000000221e100000,0x000000221e200000)]
=>0x00000126af017c80 JavaThread "C2 CompilerThread1" daemon [_thread_in_native, id=5272, stack(0x000000221f500000,0x000000221f600000)]
  0x00000126b6f592a0 JavaThread "Catalina-utility-1" [_thread_blocked, id=3044, stack(0x000000221f900000,0x000000221fa00000)]
  0x00000126b6f523f0 JavaThread "Catalina-utility-2" [_thread_blocked, id=7844, stack(0x000000221fa00000,0x000000221fb00000)]
  0x00000126b6f59770 JavaThread "container-0" [_thread_blocked, id=7536, stack(0x000000221fb00000,0x000000221fc00000)]

Other Threads:
  0x00000126adadaaa0 VMThread "VM Thread" [stack: 0x000000221e800000,0x000000221e900000] [id=6340]
  0x00000126ae6757f0 WatcherThread [stack: 0x000000221f300000,0x000000221f400000] [id=3384]
  0x00000126958009d0 GCTaskThread "GC Thread#0" [stack: 0x000000221e300000,0x000000221e400000] [id=6272]
  0x00000126aeeda650 GCTaskThread "GC Thread#1" [stack: 0x000000221f600000,0x000000221f700000] [id=7300]
  0x00000126aecacca0 GCTaskThread "GC Thread#2" [stack: 0x000000221f700000,0x000000221f800000] [id=1308]
  0x00000126af0fdbf0 GCTaskThread "GC Thread#3" [stack: 0x000000221f800000,0x000000221f900000] [id=8944]
  0x000001269580db40 ConcurrentGCThread "G1 Main Marker" [stack: 0x000000221e400000,0x000000221e500000] [id=8764]
  0x000001269580e460 ConcurrentGCThread "G1 Conc#0" [stack: 0x000000221e500000,0x000000221e600000] [id=7660]
  0x000001269586fbb0 ConcurrentGCThread "G1 Refine#0" [stack: 0x000000221e600000,0x000000221e700000] [id=1452]
  0x00000126aff05720 ConcurrentGCThread "G1 Refine#1" [stack: 0x000000221fd00000,0x000000221fe00000] [id=8532]
  0x00000126958727f0 ConcurrentGCThread "G1 Service" [stack: 0x000000221e700000,0x000000221e800000] [id=6396]

Threads with active compile tasks:
C2 CompilerThread0  1353333 7136       4       org.springframework.core.annotation.TypeMappedAnnotation::getValue (151 bytes)
C2 CompilerThread1  1353333 7155   !   4       org.springframework.util.ReflectionUtils::doWithMethods (186 bytes)

VM state: not at safepoint (normal execution)

VM Mutex/Monitor currently owned by a thread: None

Heap address: 0x00000000a2400000, size: 1500 MB, Compressed Oops mode: 32-bit

CDS archive(s) not mapped
Compressed class space mapped at: 0x0000000100000000-0x0000000140000000, reserved size: 1073741824
Narrow klass base: 0x0000000000000000, Narrow klass shift: 3, Narrow klass range: 0x140000000

GC Precious Log:
 CPUs: 4 total, 4 available
 Memory: 5995M
 Large Page Support: Disabled
 NUMA Support: Disabled
 Compressed Oops: Enabled (32-bit)
 Heap Region Size: 1M
 Heap Min Capacity: 8M
 Heap Initial Capacity: 94M
 Heap Max Capacity: 1500M
 Pre-touch: Disabled
 Parallel Workers: 4
 Concurrent Workers: 1
 Concurrent Refinement Workers: 4
 Periodic GC: Disabled

Heap:
 garbage-first heap   total 59392K, used 35265K [0x00000000a2400000, 0x0000000100000000)
  region size 1024K, 15 young (15360K), 3 survivors (3072K)
 Metaspace       used 69276K, committed 69824K, reserved 1114112K
  class space    used 8790K, committed 9024K, reserved 1048576K

Heap Regions: E=young(eden), S=young(survivor), O=old, HS=humongous(starts), HC=humongous(continues), CS=collection set, F=free, OA=open archive, CA=closed archive, TAMS=top-at-mark-start (previous, next)
|   0|0x00000000a2400000, 0x00000000a2500000, 0x00000000a2500000|100%|HS|  |TAMS 0x00000000a2500000, 0x00000000a2400000| Untracked 
|   1|0x00000000a2500000, 0x00000000a2600000, 0x00000000a2600000|100%| O|  |TAMS 0x00000000a2600000, 0x00000000a2500000| Untracked 
|   2|0x00000000a2600000, 0x00000000a2700000, 0x00000000a2700000|100%| O|  |TAMS 0x00000000a2700000, 0x00000000a2600000| Untracked 
|   3|0x00000000a2700000, 0x00000000a27ffff8, 0x00000000a2800000| 99%| O|  |TAMS 0x00000000a27ffff8, 0x00000000a2700000| Untracked 
|   4|0x00000000a2800000, 0x00000000a2900000, 0x00000000a2900000|100%| O|  |TAMS 0x00000000a2900000, 0x00000000a2800000| Untracked 
|   5|0x00000000a2900000, 0x00000000a29ffff0, 0x00000000a2a00000| 99%| O|  |TAMS 0x00000000a29ffff0, 0x00000000a2900000| Untracked 
|   6|0x00000000a2a00000, 0x00000000a2b00000, 0x00000000a2b00000|100%| O|  |TAMS 0x00000000a2b00000, 0x00000000a2a00000| Untracked 
|   7|0x00000000a2b00000, 0x00000000a2c00000, 0x00000000a2c00000|100%| O|  |TAMS 0x00000000a2c00000, 0x00000000a2b00000| Untracked 
|   8|0x00000000a2c00000, 0x00000000a2d00000, 0x00000000a2d00000|100%| O|  |TAMS 0x00000000a2d00000, 0x00000000a2c00000| Untracked 
|   9|0x00000000a2d00000, 0x00000000a2dffff8, 0x00000000a2e00000| 99%| O|  |TAMS 0x00000000a2dffff8, 0x00000000a2d00000| Untracked 
|  10|0x00000000a2e00000, 0x00000000a2effff8, 0x00000000a2f00000| 99%| O|  |TAMS 0x00000000a2effff8, 0x00000000a2e00000| Untracked 
|  11|0x00000000a2f00000, 0x00000000a2ffffc0, 0x00000000a3000000| 99%| O|  |TAMS 0x00000000a2ffffc0, 0x00000000a2f00000| Untracked 
|  12|0x00000000a3000000, 0x00000000a30ffff8, 0x00000000a3100000| 99%| O|  |TAMS 0x00000000a30ffff8, 0x00000000a3000000| Untracked 
|  13|0x00000000a3100000, 0x00000000a3200000, 0x00000000a3200000|100%| O|  |TAMS 0x00000000a3200000, 0x00000000a3100000| Untracked 
|  14|0x00000000a3200000, 0x00000000a32fffe8, 0x00000000a3300000| 99%| O|  |TAMS 0x00000000a3200000, 0x00000000a3200000| Untracked 
|  15|0x00000000a3300000, 0x00000000a3400000, 0x00000000a3400000|100%| O|  |TAMS 0x00000000a3300000, 0x00000000a3300000| Untracked 
|  16|0x00000000a3400000, 0x00000000a34fffb8, 0x00000000a3500000| 99%| O|  |TAMS 0x00000000a34fffb8, 0x00000000a3400000| Untracked 
|  17|0x00000000a3500000, 0x00000000a35d6780, 0x00000000a3600000| 83%| O|  |TAMS 0x00000000a3500000, 0x00000000a3500000| Untracked 
|  18|0x00000000a3600000, 0x00000000a36fffb0, 0x00000000a3700000| 99%| O|  |TAMS 0x00000000a36fffb0, 0x00000000a3600000| Untracked 
|  19|0x00000000a3700000, 0x00000000a3800000, 0x00000000a3800000|100%| O|  |TAMS 0x00000000a3800000, 0x00000000a3700000| Untracked 
|  20|0x00000000a3800000, 0x00000000a38ff4a8, 0x00000000a3900000| 99%| O|  |TAMS 0x00000000a3800000, 0x00000000a3800000| Untracked 
|  21|0x00000000a3900000, 0x00000000a3900000, 0x00000000a3a00000|  0%| F|  |TAMS 0x00000000a3900000, 0x00000000a3900000| Untracked 
|  22|0x00000000a3a00000, 0x00000000a3a6d0f0, 0x00000000a3b00000| 42%| O|  |TAMS 0x00000000a3a00000, 0x00000000a3a00000| Untracked 
|  23|0x00000000a3b00000, 0x00000000a3b00000, 0x00000000a3c00000|  0%| F|  |TAMS 0x00000000a3b00000, 0x00000000a3b00000| Untracked 
|  24|0x00000000a3c00000, 0x00000000a3c00000, 0x00000000a3d00000|  0%| F|  |TAMS 0x00000000a3c00000, 0x00000000a3c00000| Untracked 
|  25|0x00000000a3d00000, 0x00000000a3d00000, 0x00000000a3e00000|  0%| F|  |TAMS 0x00000000a3d00000, 0x00000000a3d00000| Untracked 
|  26|0x00000000a3e00000, 0x00000000a3e00000, 0x00000000a3f00000|  0%| F|  |TAMS 0x00000000a3e00000, 0x00000000a3e00000| Untracked 
|  27|0x00000000a3f00000, 0x00000000a3f00000, 0x00000000a4000000|  0%| F|  |TAMS 0x00000000a3f00000, 0x00000000a3f00000| Untracked 
|  28|0x00000000a4000000, 0x00000000a4000000, 0x00000000a4100000|  0%| F|  |TAMS 0x00000000a4000000, 0x00000000a4000000| Untracked 
|  29|0x00000000a4100000, 0x00000000a4100000, 0x00000000a4200000|  0%| F|  |TAMS 0x00000000a4100000, 0x00000000a4100000| Untracked 
|  30|0x00000000a4200000, 0x00000000a4200000, 0x00000000a4300000|  0%| F|  |TAMS 0x00000000a4200000, 0x00000000a4200000| Untracked 
|  31|0x00000000a4300000, 0x00000000a432d930, 0x00000000a4400000| 17%| S|CS|TAMS 0x00000000a4300000, 0x00000000a4300000| Complete 
|  32|0x00000000a4400000, 0x00000000a4500000, 0x00000000a4500000|100%| S|CS|TAMS 0x00000000a4400000, 0x00000000a4400000| Complete 
|  33|0x00000000a4500000, 0x00000000a4600000, 0x00000000a4600000|100%| S|CS|TAMS 0x00000000a4500000, 0x00000000a4500000| Complete 
|  34|0x00000000a4600000, 0x00000000a4600000, 0x00000000a4700000|  0%| F|  |TAMS 0x00000000a4600000, 0x00000000a4600000| Untracked 
|  35|0x00000000a4700000, 0x00000000a4700000, 0x00000000a4800000|  0%| F|  |TAMS 0x00000000a4700000, 0x00000000a4700000| Untracked 
|  36|0x00000000a4800000, 0x00000000a4800000, 0x00000000a4900000|  0%| F|  |TAMS 0x00000000a4800000, 0x00000000a4800000| Untracked 
|  37|0x00000000a4900000, 0x00000000a4900000, 0x00000000a4a00000|  0%| F|  |TAMS 0x00000000a4900000, 0x00000000a4900000| Untracked 
|  38|0x00000000a4a00000, 0x00000000a4a00000, 0x00000000a4b00000|  0%| F|  |TAMS 0x00000000a4a00000, 0x00000000a4a00000| Untracked 
|  39|0x00000000a4b00000, 0x00000000a4b00000, 0x00000000a4c00000|  0%| F|  |TAMS 0x00000000a4b00000, 0x00000000a4b00000| Untracked 
|  40|0x00000000a4c00000, 0x00000000a4c00000, 0x00000000a4d00000|  0%| F|  |TAMS 0x00000000a4c00000, 0x00000000a4c00000| Untracked 
|  41|0x00000000a4d00000, 0x00000000a4d00000, 0x00000000a4e00000|  0%| F|  |TAMS 0x00000000a4d00000, 0x00000000a4d00000| Untracked 
|  42|0x00000000a4e00000, 0x00000000a4e00000, 0x00000000a4f00000|  0%| F|  |TAMS 0x00000000a4e00000, 0x00000000a4e00000| Untracked 
|  43|0x00000000a4f00000, 0x00000000a4f00000, 0x00000000a5000000|  0%| F|  |TAMS 0x00000000a4f00000, 0x00000000a4f00000| Untracked 
|  44|0x00000000a5000000, 0x00000000a5000000, 0x00000000a5100000|  0%| F|  |TAMS 0x00000000a5000000, 0x00000000a5000000| Untracked 
|  45|0x00000000a5100000, 0x00000000a5100000, 0x00000000a5200000|  0%| F|  |TAMS 0x00000000a5100000, 0x00000000a5100000| Untracked 
|  46|0x00000000a5200000, 0x00000000a5300000, 0x00000000a5300000|100%| E|  |TAMS 0x00000000a5200000, 0x00000000a5200000| Complete 
|  47|0x00000000a5300000, 0x00000000a5400000, 0x00000000a5400000|100%| E|CS|TAMS 0x00000000a5300000, 0x00000000a5300000| Complete 
|  48|0x00000000a5400000, 0x00000000a5500000, 0x00000000a5500000|100%| E|CS|TAMS 0x00000000a5400000, 0x00000000a5400000| Complete 
|  49|0x00000000a5500000, 0x00000000a5600000, 0x00000000a5600000|100%| E|CS|TAMS 0x00000000a5500000, 0x00000000a5500000| Complete 
|  50|0x00000000a5600000, 0x00000000a5700000, 0x00000000a5700000|100%| E|CS|TAMS 0x00000000a5600000, 0x00000000a5600000| Complete 
|  51|0x00000000a5700000, 0x00000000a5800000, 0x00000000a5800000|100%| E|CS|TAMS 0x00000000a5700000, 0x00000000a5700000| Complete 
|  52|0x00000000a5800000, 0x00000000a5900000, 0x00000000a5900000|100%| E|CS|TAMS 0x00000000a5800000, 0x00000000a5800000| Complete 
|  53|0x00000000a5900000, 0x00000000a5a00000, 0x00000000a5a00000|100%| E|CS|TAMS 0x00000000a5900000, 0x00000000a5900000| Complete 
|  65|0x00000000a6500000, 0x00000000a6600000, 0x00000000a6600000|100%| E|CS|TAMS 0x00000000a6500000, 0x00000000a6500000| Complete 
|  66|0x00000000a6600000, 0x00000000a6700000, 0x00000000a6700000|100%| E|CS|TAMS 0x00000000a6600000, 0x00000000a6600000| Complete 
|  67|0x00000000a6700000, 0x00000000a6800000, 0x00000000a6800000|100%| E|CS|TAMS 0x00000000a6700000, 0x00000000a6700000| Complete 
|  93|0x00000000a8100000, 0x00000000a8200000, 0x00000000a8200000|100%| E|CS|TAMS 0x00000000a8100000, 0x00000000a8100000| Complete 

Card table byte_map: [0x00000126a8160000,0x00000126a8450000] _byte_map_base: 0x00000126a7c4e000

Marking Bits (Prev, Next): (CMBitMap*) 0x0000012695800f30, (CMBitMap*) 0x0000012695800ef0
 Prev Bits: [0x00000126a9eb0000, 0x00000126ab620000)
 Next Bits: [0x00000126a8740000, 0x00000126a9eb0000)

Polling page: 0x00000126935d0000

Metaspace:

Usage:
  Non-class:     59.07 MB used.
      Class:      8.58 MB used.
       Both:     67.65 MB used.

Virtual space:
  Non-class space:       64.00 MB reserved,      59.38 MB ( 93%) committed,  8 nodes.
      Class space:        1.00 GB reserved,       8.81 MB ( <1%) committed,  1 nodes.
             Both:        1.06 GB reserved,      68.19 MB (  6%) committed. 

Chunk freelists:
   Non-Class:  208.00 KB
       Class:  3.08 MB
        Both:  3.28 MB

MaxMetaspaceSize: unlimited
CompressedClassSpaceSize: 1.00 GB
Initial GC threshold: 21.00 MB
Current GC threshold: 112.94 MB
CDS: off
MetaspaceReclaimPolicy: balanced
 - commit_granule_bytes: 65536.
 - commit_granule_words: 8192.
 - virtual_space_node_default_size: 1048576.
 - enlarge_chunks_in_place: 1.
 - new_chunks_are_fully_committed: 0.
 - uncommit_free_chunks: 1.
 - use_allocation_guard: 0.
 - handle_deallocations: 1.


Internal statistics:

num_allocs_failed_limit: 9.
num_arena_births: 724.
num_arena_deaths: 4.
num_vsnodes_births: 9.
num_vsnodes_deaths: 0.
num_space_committed: 1091.
num_space_uncommitted: 0.
num_chunks_returned_to_freelist: 13.
num_chunks_taken_from_freelist: 2877.
num_chunk_merges: 6.
num_chunk_splits: 2014.
num_chunks_enlarged: 1518.
num_purges: 6.
num_inconsistent_stats: 0.

CodeHeap 'non-profiled nmethods': size=120000Kb used=4474Kb max_used=4474Kb free=115525Kb
 bounds [0x00000126a0940000, 0x00000126a0da0000, 0x00000126a7e70000]
CodeHeap 'profiled nmethods': size=120000Kb used=13023Kb max_used=13023Kb free=106976Kb
 bounds [0x0000012698e70000, 0x0000012699b30000, 0x00000126a03a0000]
CodeHeap 'non-nmethods': size=5760Kb used=1338Kb max_used=1395Kb free=4421Kb
 bounds [0x00000126a03a0000, 0x00000126a0610000, 0x00000126a0940000]
 total_blobs=7093 nmethods=6427 adapters=578
 compilation: enabled
              stopped_count=0, restarted_count=0
 full_count=0

Compilation events (20 events):
Event: 1352.972 Thread 0x00000126adb3def0 7247       3       org.springframework.aop.framework.autoproxy.AutoProxyUtils::isOriginalInstance (55 bytes)
Event: 1352.973 Thread 0x00000126adb3def0 nmethod 7247 0x0000012699b23290 code [0x0000012699b23520, 0x0000012699b24138]
Event: 1352.973 Thread 0x00000126adb3def0 7248       3       org.springframework.beans.factory.support.AbstractBeanFactory::isActuallyInCreation (22 bytes)
Event: 1352.974 Thread 0x00000126adb3def0 nmethod 7248 0x0000012699b24590 code [0x0000012699b24740, 0x0000012699b24b38]
Event: 1352.974 Thread 0x00000126adb3def0 7249       3       org.springframework.aop.aspectj.annotation.AnnotationAwareAspectJAutoProxyCreator::findCandidateAdvisors (28 bytes)
Event: 1352.975 Thread 0x00000126adb3def0 nmethod 7249 0x0000012699b24c90 code [0x0000012699b24e80, 0x0000012699b25418]
Event: 1352.985 Thread 0x00000126adb3def0 7251       3       org.springframework.aop.framework.autoproxy.AbstractAdvisorAutoProxyCreator$BeanFactoryAdvisorRetrievalHelperAdapter::isEligibleBean (9 bytes)
Event: 1352.986 Thread 0x00000126adb3def0 nmethod 7251 0x0000012699b25610 code [0x0000012699b257a0, 0x0000012699b25998]
Event: 1352.994 Thread 0x00000126adb3def0 7252       2       org.springframework.core.annotation.AnnotationUtils::isSingleLevelPresent (22 bytes)
Event: 1352.995 Thread 0x00000126adb3def0 nmethod 7252 0x0000012699b25a90 code [0x0000012699b25c20, 0x0000012699b25d48]
Event: 1353.055 Thread 0x00000126adb3def0 7253       1       org.springframework.boot.context.properties.source.ConfigurationProperty::getName (5 bytes)
Event: 1353.055 Thread 0x00000126adb3def0 nmethod 7253 0x00000126a0d9db10 code [0x00000126a0d9dca0, 0x00000126a0d9dd78]
Event: 1353.056 Thread 0x00000126adb3def0 7254       2       org.springframework.core.convert.TypeDescriptor::getRelatedIfResolvable (23 bytes)
Event: 1353.056 Thread 0x00000126adb3def0 nmethod 7254 0x0000012699b25e10 code [0x0000012699b25fe0, 0x0000012699b26258]
Event: 1353.086 Thread 0x00000126adb3def0 7255   !   2       org.springframework.core.convert.support.ConversionUtils::invokeConverter (30 bytes)
Event: 1353.087 Thread 0x00000126adb3def0 nmethod 7255 0x0000012699b26410 code [0x0000012699b265c0, 0x0000012699b267f8]
Event: 1353.088 Thread 0x00000126adb3def0 7256   !   2       org.springframework.core.$Proxy6::getRawType (29 bytes)
Event: 1353.089 Thread 0x00000126adb3def0 nmethod 7256 0x0000012699b26990 code [0x0000012699b26b40, 0x0000012699b26dd8]
Event: 1353.096 Thread 0x00000126adb3def0 7257   !   2       org.springframework.beans.factory.support.ConstructorResolver::instantiate (46 bytes)
Event: 1353.098 Thread 0x00000126adb3def0 nmethod 7257 0x0000012699b26f90 code [0x0000012699b27160, 0x0000012699b27458]

GC Heap History (20 events):
Event: 16.581 GC heap before
{Heap before GC invocations=20 (full 0):
 garbage-first heap   total 49152K, used 38339K [0x00000000a2400000, 0x0000000100000000)
  region size 1024K, 18 young (18432K), 3 survivors (3072K)
 Metaspace       used 65612K, committed 66112K, reserved 1114112K
  class space    used 8475K, committed 8704K, reserved 1048576K
}
Event: 16.589 GC heap after
{Heap after GC invocations=21 (full 0):
 garbage-first heap   total 49152K, used 24632K [0x00000000a2400000, 0x0000000100000000)
  region size 1024K, 3 young (3072K), 3 survivors (3072K)
 Metaspace       used 65612K, committed 66112K, reserved 1114112K
  class space    used 8475K, committed 8704K, reserved 1048576K
}
Event: 79.476 GC heap before
{Heap before GC invocations=21 (full 0):
 garbage-first heap   total 49152K, used 38968K [0x00000000a2400000, 0x0000000100000000)
  region size 1024K, 17 young (17408K), 3 survivors (3072K)
 Metaspace       used 67186K, committed 67648K, reserved 1114112K
  class space    used 8659K, committed 8896K, reserved 1048576K
}
Event: 79.486 GC heap after
{Heap after GC invocations=22 (full 0):
 garbage-first heap   total 59392K, used 25755K [0x00000000a2400000, 0x0000000100000000)
  region size 1024K, 2 young (2048K), 2 survivors (2048K)
 Metaspace       used 67186K, committed 67648K, reserved 1114112K
  class space    used 8659K, committed 8896K, reserved 1048576K
}
Event: 1078.932 GC heap before
{Heap before GC invocations=23 (full 0):
 garbage-first heap   total 59392K, used 46235K [0x00000000a2400000, 0x0000000100000000)
  region size 1024K, 23 young (23552K), 2 survivors (2048K)
 Metaspace       used 67395K, committed 67840K, reserved 1114112K
  class space    used 8691K, committed 8896K, reserved 1048576K
}
Event: 1078.997 GC heap after
{Heap after GC invocations=24 (full 1):
 garbage-first heap   total 59392K, used 21198K [0x00000000a2400000, 0x0000000100000000)
  region size 1024K, 0 young (0K), 0 survivors (0K)
 Metaspace       used 67395K, committed 67840K, reserved 1114112K
  class space    used 8691K, committed 8896K, reserved 1048576K
}
Event: 1080.721 GC heap before
{Heap before GC invocations=24 (full 1):
 garbage-first heap   total 59392K, used 45774K [0x00000000a2400000, 0x0000000100000000)
  region size 1024K, 24 young (24576K), 0 survivors (0K)
 Metaspace       used 67710K, committed 68224K, reserved 1114112K
  class space    used 8695K, committed 8896K, reserved 1048576K
}
Event: 1080.727 GC heap after
{Heap after GC invocations=25 (full 1):
 garbage-first heap   total 59392K, used 23464K [0x00000000a2400000, 0x0000000100000000)
  region size 1024K, 3 young (3072K), 3 survivors (3072K)
 Metaspace       used 67710K, committed 68224K, reserved 1114112K
  class space    used 8695K, committed 8896K, reserved 1048576K
}
Event: 1082.860 GC heap before
{Heap before GC invocations=25 (full 1):
 garbage-first heap   total 59392K, used 44968K [0x00000000a2400000, 0x0000000100000000)
  region size 1024K, 24 young (24576K), 3 survivors (3072K)
 Metaspace       used 68077K, committed 68608K, reserved 1114112K
  class space    used 8706K, committed 8960K, reserved 1048576K
}
Event: 1082.870 GC heap after
{Heap after GC invocations=26 (full 1):
 garbage-first heap   total 59392K, used 25221K [0x00000000a2400000, 0x0000000100000000)
  region size 1024K, 2 young (2048K), 2 survivors (2048K)
 Metaspace       used 68077K, committed 68608K, reserved 1114112K
  class space    used 8706K, committed 8960K, reserved 1048576K
}
Event: 1197.930 GC heap before
{Heap before GC invocations=26 (full 1):
 garbage-first heap   total 59392K, used 35461K [0x00000000a2400000, 0x0000000100000000)
  region size 1024K, 13 young (13312K), 2 survivors (2048K)
 Metaspace       used 68210K, committed 68736K, reserved 1114112K
  class space    used 8712K, committed 8960K, reserved 1048576K
}
Event: 1197.990 GC heap after
{Heap after GC invocations=27 (full 2):
 garbage-first heap   total 59392K, used 21570K [0x00000000a2400000, 0x0000000100000000)
  region size 1024K, 0 young (0K), 0 survivors (0K)
 Metaspace       used 68207K, committed 68736K, reserved 1114112K
  class space    used 8712K, committed 8960K, reserved 1048576K
}
Event: 1198.786 GC heap before
{Heap before GC invocations=27 (full 2):
 garbage-first heap   total 59392K, used 46146K [0x00000000a2400000, 0x0000000100000000)
  region size 1024K, 24 young (24576K), 0 survivors (0K)
 Metaspace       used 68401K, committed 68928K, reserved 1114112K
  class space    used 8713K, committed 8960K, reserved 1048576K
}
Event: 1198.792 GC heap after
{Heap after GC invocations=28 (full 2):
 garbage-first heap   total 59392K, used 23891K [0x00000000a2400000, 0x0000000100000000)
  region size 1024K, 3 young (3072K), 3 survivors (3072K)
 Metaspace       used 68401K, committed 68928K, reserved 1114112K
  class space    used 8713K, committed 8960K, reserved 1048576K
}
Event: 1199.862 GC heap before
{Heap before GC invocations=28 (full 2):
 garbage-first heap   total 59392K, used 45395K [0x00000000a2400000, 0x0000000100000000)
  region size 1024K, 24 young (24576K), 3 survivors (3072K)
 Metaspace       used 68669K, committed 69184K, reserved 1114112K
  class space    used 8721K, committed 8960K, reserved 1048576K
}
Event: 1199.872 GC heap after
{Heap after GC invocations=29 (full 2):
 garbage-first heap   total 59392K, used 25500K [0x00000000a2400000, 0x0000000100000000)
  region size 1024K, 2 young (2048K), 2 survivors (2048K)
 Metaspace       used 68669K, committed 69184K, reserved 1114112K
  class space    used 8721K, committed 8960K, reserved 1048576K
}
Event: 1351.700 GC heap before
{Heap before GC invocations=29 (full 2):
 garbage-first heap   total 59392K, used 36764K [0x00000000a2400000, 0x0000000100000000)
  region size 1024K, 14 young (14336K), 2 survivors (2048K)
 Metaspace       used 68787K, committed 69376K, reserved 1114112K
  class space    used 8725K, committed 8960K, reserved 1048576K
}
Event: 1351.755 GC heap after
{Heap after GC invocations=30 (full 3):
 garbage-first heap   total 59392K, used 21770K [0x00000000a2400000, 0x0000000100000000)
  region size 1024K, 0 young (0K), 0 survivors (0K)
 Metaspace       used 68784K, committed 69376K, reserved 1114112K
  class space    used 8724K, committed 8960K, reserved 1048576K
}
Event: 1352.791 GC heap before
{Heap before GC invocations=30 (full 3):
 garbage-first heap   total 59392K, used 45322K [0x00000000a2400000, 0x0000000100000000)
  region size 1024K, 24 young (24576K), 0 survivors (0K)
 Metaspace       used 69166K, committed 69696K, reserved 1114112K
  class space    used 8783K, committed 9024K, reserved 1048576K
}
Event: 1352.796 GC heap after
{Heap after GC invocations=31 (full 3):
 garbage-first heap   total 59392K, used 24001K [0x00000000a2400000, 0x0000000100000000)
  region size 1024K, 3 young (3072K), 3 survivors (3072K)
 Metaspace       used 69166K, committed 69696K, reserved 1114112K
  class space    used 8783K, committed 9024K, reserved 1048576K
}

Dll operation events (9 events):
Event: 0.013 Loaded shared library C:\java\sts-4.17.2.RELEASE\plugins\org.eclipse.justj.openjdk.hotspot.jre.full.win32.x86_64_17.0.6.v20230125-1136\jre\bin\java.dll
Event: 0.235 Loaded shared library C:\java\sts-4.17.2.RELEASE\plugins\org.eclipse.justj.openjdk.hotspot.jre.full.win32.x86_64_17.0.6.v20230125-1136\jre\bin\net.dll
Event: 0.238 Loaded shared library C:\java\sts-4.17.2.RELEASE\plugins\org.eclipse.justj.openjdk.hotspot.jre.full.win32.x86_64_17.0.6.v20230125-1136\jre\bin\nio.dll
Event: 0.247 Loaded shared library C:\java\sts-4.17.2.RELEASE\plugins\org.eclipse.justj.openjdk.hotspot.jre.full.win32.x86_64_17.0.6.v20230125-1136\jre\bin\zip.dll
Event: 0.474 Loaded shared library C:\java\sts-4.17.2.RELEASE\plugins\org.eclipse.justj.openjdk.hotspot.jre.full.win32.x86_64_17.0.6.v20230125-1136\jre\bin\jimage.dll
Event: 1.004 Loaded shared library C:\java\sts-4.17.2.RELEASE\plugins\org.eclipse.justj.openjdk.hotspot.jre.full.win32.x86_64_17.0.6.v20230125-1136\jre\bin\management.dll
Event: 1.008 Loaded shared library C:\java\sts-4.17.2.RELEASE\plugins\org.eclipse.justj.openjdk.hotspot.jre.full.win32.x86_64_17.0.6.v20230125-1136\jre\bin\management_ext.dll
Event: 2.830 Loaded shared library C:\java\sts-4.17.2.RELEASE\plugins\org.eclipse.justj.openjdk.hotspot.jre.full.win32.x86_64_17.0.6.v20230125-1136\jre\bin\sunmscapi.dll
Event: 7.800 Loaded shared library C:\java\sts-4.17.2.RELEASE\plugins\org.eclipse.justj.openjdk.hotspot.jre.full.win32.x86_64_17.0.6.v20230125-1136\jre\bin\verify.dll

Deoptimization events (20 events):
Event: 1352.661 Thread 0x00000126b6f575c0 DEOPT PACKING pc=0x00000126a09904d4 sp=0x000000221e1fd8e0
Event: 1352.661 Thread 0x00000126b6f575c0 DEOPT UNPACKING pc=0x00000126a03f69a3 sp=0x000000221e1fd7d0 mode 2
Event: 1352.844 Thread 0x00000126b6f575c0 DEOPT PACKING pc=0x000001269932365c sp=0x000000221e1fa560
Event: 1352.844 Thread 0x00000126b6f575c0 DEOPT UNPACKING pc=0x00000126a03f7143 sp=0x000000221e1f99c0 mode 0
Event: 1352.885 Thread 0x00000126b6f575c0 DEOPT PACKING pc=0x000001269924531f sp=0x000000221e1fd770
Event: 1352.885 Thread 0x00000126b6f575c0 DEOPT UNPACKING pc=0x00000126a03f7143 sp=0x000000221e1fcd00 mode 0
Event: 1352.890 Thread 0x00000126b6f575c0 DEOPT PACKING pc=0x000001269924531f sp=0x000000221e1fd770
Event: 1352.890 Thread 0x00000126b6f575c0 DEOPT UNPACKING pc=0x00000126a03f7143 sp=0x000000221e1fcd00 mode 0
Event: 1352.893 Thread 0x00000126b6f575c0 DEOPT PACKING pc=0x000001269924531f sp=0x000000221e1fd7a0
Event: 1352.893 Thread 0x00000126b6f575c0 DEOPT UNPACKING pc=0x00000126a03f7143 sp=0x000000221e1fcd30 mode 0
Event: 1352.925 Thread 0x00000126b6f575c0 DEOPT PACKING pc=0x0000012698eb5334 sp=0x000000221e1fce70
Event: 1352.925 Thread 0x00000126b6f575c0 DEOPT UNPACKING pc=0x00000126a03f7143 sp=0x000000221e1fc2e0 mode 0
Event: 1352.926 Thread 0x00000126b6f575c0 DEOPT PACKING pc=0x0000012698eb5334 sp=0x000000221e1fce70
Event: 1352.926 Thread 0x00000126b6f575c0 DEOPT UNPACKING pc=0x00000126a03f7143 sp=0x000000221e1fc2e0 mode 0
Event: 1352.937 Thread 0x00000126b6f575c0 DEOPT PACKING pc=0x0000012698eb5334 sp=0x000000221e1fce70
Event: 1352.937 Thread 0x00000126b6f575c0 DEOPT UNPACKING pc=0x00000126a03f7143 sp=0x000000221e1fc2e0 mode 0
Event: 1352.943 Thread 0x00000126b6f575c0 DEOPT PACKING pc=0x0000012698eb5334 sp=0x000000221e1fce70
Event: 1352.943 Thread 0x00000126b6f575c0 DEOPT UNPACKING pc=0x00000126a03f7143 sp=0x000000221e1fc2e0 mode 0
Event: 1352.984 Thread 0x00000126b6f575c0 DEOPT PACKING pc=0x000001269932367d sp=0x000000221e1fbc60
Event: 1352.984 Thread 0x00000126b6f575c0 DEOPT UNPACKING pc=0x00000126a03f7143 sp=0x000000221e1fb0c0 mode 0

Classes unloaded (2 events):
Event: 1197.954 Thread 0x00000126adadaaa0 Unloading class 0x00000001008c9800 'org/apache/catalina/loader/JdbcLeakPrevention'
Event: 1351.723 Thread 0x00000126adadaaa0 Unloading class 0x00000001008d2800 'org/apache/catalina/loader/JdbcLeakPrevention'

Classes redefined (0 events):
No events

Internal exceptions (20 events):
Event: 1351.694 Thread 0x00000126b6f52d90 Exception <a 'java/io/IOException'{0x00000000a525a120}> (0x00000000a525a120) 
thrown [s\src\hotspot\share\prims\jni.cpp, line 516]
Event: 1351.694 Thread 0x00000126b6f52d90 Exception <a 'java/io/IOException'{0x00000000a525c9a8}> (0x00000000a525c9a8) 
thrown [s\src\hotspot\share\prims\jni.cpp, line 516]
Event: 1351.695 Thread 0x00000126b6f52d90 Exception <a 'java/io/IOException'{0x00000000a525d4e8}> (0x00000000a525d4e8) 
thrown [s\src\hotspot\share\prims\jni.cpp, line 516]
Event: 1351.699 Thread 0x00000126b6f54f40 Exception <a 'java/lang/InterruptedException'{0x00000000a527b8d0}: sleep interrupted> (0x00000000a527b8d0) 
thrown [s\src\hotspot\share\prims\jvm.cpp, line 3070]
Event: 1351.772 Thread 0x00000126b6f575c0 Exception <a 'sun/nio/fs/WindowsException'{0x00000000a81815e0}> (0x00000000a81815e0) 
thrown [s\src\hotspot\share\prims\jni.cpp, line 516]
Event: 1351.852 Thread 0x00000126b6f575c0 Exception <a 'sun/nio/fs/WindowsException'{0x00000000a66ad3e8}> (0x00000000a66ad3e8) 
thrown [s\src\hotspot\share\prims\jni.cpp, line 516]
Event: 1352.540 Thread 0x00000126b6f575c0 Exception <a 'sun/nio/fs/WindowsException'{0x00000000a4bd6d48}> (0x00000000a4bd6d48) 
thrown [s\src\hotspot\share\prims\jni.cpp, line 516]
Event: 1352.646 Thread 0x00000126b6f575c0 Exception <a 'sun/nio/fs/WindowsException'{0x00000000a4ae32c0}> (0x00000000a4ae32c0) 
thrown [s\src\hotspot\share\prims\jni.cpp, line 516]
Event: 1352.769 Thread 0x00000126b6f575c0 Exception <a 'java/lang/NoClassDefFoundError'{0x00000000a4613a50}: org/flywaydb/core/Flyway> (0x00000000a4613a50) 
thrown [s\src\hotspot\share\oops\constantPool.cpp, line 835]
Event: 1352.769 Thread 0x00000126b6f575c0 Exception <a 'java/lang/NoClassDefFoundError'{0x00000000a46140a0}: liquibase/integration/spring/SpringLiquibase> (0x00000000a46140a0) 
thrown [s\src\hotspot\share\oops\constantPool.cpp, line 835]
Event: 1352.776 Thread 0x00000126b6f575c0 Exception <a 'java/lang/NoClassDefFoundError'{0x00000000a4677530}: org/jooq/DSLContext> (0x00000000a4677530) 
thrown [s\src\hotspot\share\oops\constantPool.cpp, line 835]
Event: 1352.777 Thread 0x00000126b6f575c0 Exception <a 'java/lang/NoClassDefFoundError'{0x00000000a4682048}: org/springframework/batch/core/repository/JobRepository> (0x00000000a4682048) 
thrown [s\src\hotspot\share\oops\constantPool.cpp, line 835]
Event: 1352.777 Thread 0x00000126b6f575c0 Exception <a 'java/lang/NoClassDefFoundError'{0x00000000a4682690}: org/quartz/Scheduler> (0x00000000a4682690) 
thrown [s\src\hotspot\share\oops\constantPool.cpp, line 835]
Event: 1352.777 Thread 0x00000126b6f575c0 Exception <a 'java/lang/NoClassDefFoundError'{0x00000000a4682d00}: org/springframework/session/jdbc/JdbcIndexedSessionRepository> (0x00000000a4682d00) 
thrown [s\src\hotspot\share\oops\constantPool.cpp, line 835]
Event: 1352.894 Thread 0x00000126b6f575c0 Exception <a 'sun/nio/fs/WindowsException'{0x00000000a5899628}> (0x00000000a5899628) 
thrown [s\src\hotspot\share\prims\jni.cpp, line 516]
Event: 1352.895 Thread 0x00000126b6f575c0 Exception <a 'sun/nio/fs/WindowsException'{0x00000000a5899c90}> (0x00000000a5899c90) 
thrown [s\src\hotspot\share\prims\jni.cpp, line 516]
Event: 1352.895 Thread 0x00000126b6f575c0 Exception <a 'sun/nio/fs/WindowsException'{0x00000000a589a368}> (0x00000000a589a368) 
thrown [s\src\hotspot\share\prims\jni.cpp, line 516]
Event: 1352.921 Thread 0x00000126b6f575c0 Exception <a 'java/io/FileNotFoundException'{0x00000000a58c91a0}> (0x00000000a58c91a0) 
thrown [s\src\hotspot\share\prims\jni.cpp, line 516]
Event: 1352.963 Thread 0x00000126b6f575c0 Exception <a 'java/io/FileNotFoundException'{0x00000000a5663018}> (0x00000000a5663018) 
thrown [s\src\hotspot\share\prims\jni.cpp, line 516]
Event: 1353.103 Thread 0x00000126b6f575c0 Exception <a 'sun/nio/fs/WindowsException'{0x00000000a53f7a50}> (0x00000000a53f7a50) 
thrown [s\src\hotspot\share\prims\jni.cpp, line 516]

VM Operations (20 events):
Event: 1199.862 Executing VM operation: G1CollectForAllocation
Event: 1199.872 Executing VM operation: G1CollectForAllocation done
Event: 1201.872 Executing VM operation: Cleanup
Event: 1201.873 Executing VM operation: Cleanup done
Event: 1209.956 Executing VM operation: Cleanup
Event: 1209.956 Executing VM operation: Cleanup done
Event: 1259.366 Executing VM operation: Cleanup
Event: 1259.366 Executing VM operation: Cleanup done
Event: 1289.574 Executing VM operation: Cleanup
Event: 1289.574 Executing VM operation: Cleanup done
Event: 1301.638 Executing VM operation: Cleanup
Event: 1301.638 Executing VM operation: Cleanup done
Event: 1309.696 Executing VM operation: Cleanup
Event: 1309.696 Executing VM operation: Cleanup done
Event: 1351.700 Executing VM operation: G1CollectFull
Event: 1351.755 Executing VM operation: G1CollectFull done
Event: 1352.671 Executing VM operation: HandshakeAllThreads
Event: 1352.671 Executing VM operation: HandshakeAllThreads done
Event: 1352.791 Executing VM operation: G1CollectForAllocation
Event: 1352.796 Executing VM operation: G1CollectForAllocation done

Events (20 events):
Event: 1351.699 Thread 0x00000126b6f54f40 Thread exited: 0x00000126b6f54f40
Event: 1351.756 Thread 0x00000126b6f56750 Thread added: 0x00000126b6f56750
Event: 1351.756 Thread 0x00000126b6f56750 Thread exited: 0x00000126b6f56750
Event: 1351.756 Thread 0x00000126b6f575c0 Thread added: 0x00000126b6f575c0
Event: 1351.775 Thread 0x00000126af017c80 Thread added: 0x00000126af017c80
Event: 1351.872 Thread 0x00000126b6f592a0 Thread added: 0x00000126b6f592a0
Event: 1351.916 Thread 0x00000126b6f592a0 Thread exited: 0x00000126b6f592a0
Event: 1352.634 loading class java/util/stream/Streams$ConcatSpliterator$OfRef
Event: 1352.634 loading class java/util/stream/Streams$ConcatSpliterator
Event: 1352.634 loading class java/util/stream/Streams$ConcatSpliterator done
Event: 1352.634 loading class java/util/stream/Streams$ConcatSpliterator$OfRef done
Event: 1352.635 loading class java/util/stream/Streams$2
Event: 1352.635 loading class java/util/stream/Streams$2 done
Event: 1352.660 loading class java/util/stream/ReferencePipeline$15
Event: 1352.660 loading class java/util/stream/ReferencePipeline$15 done
Event: 1352.662 loading class java/util/stream/ReferencePipeline$15$1
Event: 1352.662 loading class java/util/stream/ReferencePipeline$15$1 done
Event: 1352.964 Thread 0x00000126b6f592a0 Thread added: 0x00000126b6f592a0
Event: 1352.964 Thread 0x00000126b6f523f0 Thread added: 0x00000126b6f523f0
Event: 1352.964 Thread 0x00000126b6f59770 Thread added: 0x00000126b6f59770


Dynamic libraries:
0x00007ff793140000 - 0x00007ff79314e000 	C:\java\sts-4.17.2.RELEASE\plugins\org.eclipse.justj.openjdk.hotspot.jre.full.win32.x86_64_17.0.6.v20230125-1136\jre\bin\javaw.exe
0x00007ffd260f0000 - 0x00007ffd262e8000 	C:\WINDOWS\SYSTEM32\ntdll.dll
0x00007ffd24150000 - 0x00007ffd2420d000 	C:\WINDOWS\System32\KERNEL32.DLL
0x00007ffd23830000 - 0x00007ffd23b26000 	C:\WINDOWS\System32\KERNELBASE.dll
0x00007ffd23c90000 - 0x00007ffd23d90000 	C:\WINDOWS\System32\ucrtbase.dll
0x00007ffd0c6b0000 - 0x00007ffd0c6c9000 	C:\java\sts-4.17.2.RELEASE\plugins\org.eclipse.justj.openjdk.hotspot.jre.full.win32.x86_64_17.0.6.v20230125-1136\jre\bin\VCRUNTIME140.dll
0x00007ffd14bd0000 - 0x00007ffd14be7000 	C:\java\sts-4.17.2.RELEASE\plugins\org.eclipse.justj.openjdk.hotspot.jre.full.win32.x86_64_17.0.6.v20230125-1136\jre\bin\jli.dll
0x00007ffd24600000 - 0x00007ffd2479e000 	C:\WINDOWS\System32\USER32.dll
0x00007ffd22a90000 - 0x00007ffd22d2a000 	C:\WINDOWS\WinSxS\amd64_microsoft.windows.common-controls_6595b64144ccf1df_6.0.19041.3636_none_60b6a03d71f818d5\COMCTL32.dll
0x00007ffd23800000 - 0x00007ffd23822000 	C:\WINDOWS\System32\win32u.dll
0x00007ffd25670000 - 0x00007ffd2569c000 	C:\WINDOWS\System32\GDI32.dll
0x00007ffd253f0000 - 0x00007ffd2548e000 	C:\WINDOWS\System32\msvcrt.dll
0x00007ffd23de0000 - 0x00007ffd23efa000 	C:\WINDOWS\System32\gdi32full.dll
0x00007ffd23f00000 - 0x00007ffd23f9d000 	C:\WINDOWS\System32\msvcp_win.dll
0x00007ffd244a0000 - 0x00007ffd244d0000 	C:\WINDOWS\System32\IMM32.DLL
0x00007ffd21030000 - 0x00007ffd2103c000 	C:\java\sts-4.17.2.RELEASE\plugins\org.eclipse.justj.openjdk.hotspot.jre.full.win32.x86_64_17.0.6.v20230125-1136\jre\bin\vcruntime140_1.dll
0x00007ffcf87b0000 - 0x00007ffcf8841000 	C:\java\sts-4.17.2.RELEASE\plugins\org.eclipse.justj.openjdk.hotspot.jre.full.win32.x86_64_17.0.6.v20230125-1136\jre\bin\msvcp140.dll
0x00007ffcf6160000 - 0x00007ffcf6da7000 	C:\java\sts-4.17.2.RELEASE\plugins\org.eclipse.justj.openjdk.hotspot.jre.full.win32.x86_64_17.0.6.v20230125-1136\jre\bin\server\jvm.dll
0x00007ffd25490000 - 0x00007ffd2553f000 	C:\WINDOWS\System32\ADVAPI32.dll
0x00007ffd24330000 - 0x00007ffd243cc000 	C:\WINDOWS\System32\sechost.dll
0x00007ffd244d0000 - 0x00007ffd245f6000 	C:\WINDOWS\System32\RPCRT4.dll
0x00007ffd0f750000 - 0x00007ffd0f759000 	C:\WINDOWS\SYSTEM32\WSOCK32.dll
0x00007ffd25860000 - 0x00007ffd258cb000 	C:\WINDOWS\System32\WS2_32.dll
0x00007ffd10870000 - 0x00007ffd10897000 	C:\WINDOWS\SYSTEM32\WINMM.dll
0x00007ffd13f70000 - 0x00007ffd13f7a000 	C:\WINDOWS\SYSTEM32\VERSION.dll
0x00007ffd20990000 - 0x00007ffd209a2000 	C:\WINDOWS\SYSTEM32\kernel.appcore.dll
0x00007ffd21210000 - 0x00007ffd2121a000 	C:\java\sts-4.17.2.RELEASE\plugins\org.eclipse.justj.openjdk.hotspot.jre.full.win32.x86_64_17.0.6.v20230125-1136\jre\bin\jimage.dll
0x00007ffd231c0000 - 0x00007ffd233a4000 	C:\WINDOWS\SYSTEM32\DBGHELP.DLL
0x00007ffd22e50000 - 0x00007ffd22e84000 	C:\WINDOWS\SYSTEM32\dbgcore.DLL
0x00007ffd24050000 - 0x00007ffd240d2000 	C:\WINDOWS\System32\bcryptPrimitives.dll
0x00007ffd14cb0000 - 0x00007ffd14cd5000 	C:\java\sts-4.17.2.RELEASE\plugins\org.eclipse.justj.openjdk.hotspot.jre.full.win32.x86_64_17.0.6.v20230125-1136\jre\bin\java.dll
0x00007ffd211f0000 - 0x00007ffd21208000 	C:\java\sts-4.17.2.RELEASE\plugins\org.eclipse.justj.openjdk.hotspot.jre.full.win32.x86_64_17.0.6.v20230125-1136\jre\bin\zip.dll
0x00007ffd25960000 - 0x00007ffd260a4000 	C:\WINDOWS\System32\SHELL32.dll
0x00007ffd21220000 - 0x00007ffd219bb000 	C:\WINDOWS\SYSTEM32\windows.storage.dll
0x00007ffd24dd0000 - 0x00007ffd25124000 	C:\WINDOWS\System32\combase.dll
0x00007ffd22db0000 - 0x00007ffd22ddd000 	C:\WINDOWS\SYSTEM32\Wldp.dll
0x00007ffd252e0000 - 0x00007ffd2538d000 	C:\WINDOWS\System32\SHCORE.dll
0x00007ffd25600000 - 0x00007ffd25655000 	C:\WINDOWS\System32\shlwapi.dll
0x00007ffd23700000 - 0x00007ffd23725000 	C:\WINDOWS\SYSTEM32\profapi.dll
0x00007ffd21130000 - 0x00007ffd21149000 	C:\java\sts-4.17.2.RELEASE\plugins\org.eclipse.justj.openjdk.hotspot.jre.full.win32.x86_64_17.0.6.v20230125-1136\jre\bin\net.dll
0x00007ffd186b0000 - 0x00007ffd187ba000 	C:\WINDOWS\SYSTEM32\WINHTTP.dll
0x00007ffd22830000 - 0x00007ffd2289a000 	C:\WINDOWS\system32\mswsock.dll
0x00007ffd1e590000 - 0x00007ffd1e5a5000 	C:\java\sts-4.17.2.RELEASE\plugins\org.eclipse.justj.openjdk.hotspot.jre.full.win32.x86_64_17.0.6.v20230125-1136\jre\bin\nio.dll
0x00007ffd1dc80000 - 0x00007ffd1dc89000 	C:\java\sts-4.17.2.RELEASE\plugins\org.eclipse.justj.openjdk.hotspot.jre.full.win32.x86_64_17.0.6.v20230125-1136\jre\bin\management.dll
0x00007ffd1c360000 - 0x00007ffd1c36b000 	C:\java\sts-4.17.2.RELEASE\plugins\org.eclipse.justj.openjdk.hotspot.jre.full.win32.x86_64_17.0.6.v20230125-1136\jre\bin\management_ext.dll
0x00007ffd25540000 - 0x00007ffd25548000 	C:\WINDOWS\System32\PSAPI.DLL
0x00007ffd210b0000 - 0x00007ffd210be000 	C:\java\sts-4.17.2.RELEASE\plugins\org.eclipse.justj.openjdk.hotspot.jre.full.win32.x86_64_17.0.6.v20230125-1136\jre\bin\sunmscapi.dll
0x00007ffd23b30000 - 0x00007ffd23c8d000 	C:\WINDOWS\System32\CRYPT32.dll
0x00007ffd22e20000 - 0x00007ffd22e47000 	C:\WINDOWS\SYSTEM32\ncrypt.dll
0x00007ffd22de0000 - 0x00007ffd22e1b000 	C:\WINDOWS\SYSTEM32\NTASN1.dll
0x00007ffd234d0000 - 0x00007ffd234e8000 	C:\WINDOWS\SYSTEM32\CRYPTSP.dll
0x00007ffd221a0000 - 0x00007ffd221d4000 	C:\WINDOWS\system32\rsaenh.dll
0x00007ffd237d0000 - 0x00007ffd237f7000 	C:\WINDOWS\System32\bcrypt.dll
0x00007ffd23680000 - 0x00007ffd236ae000 	C:\WINDOWS\SYSTEM32\USERENV.dll
0x00007ffd22a20000 - 0x00007ffd22a2c000 	C:\WINDOWS\SYSTEM32\CRYPTBASE.dll
0x00007ffd22520000 - 0x00007ffd2255b000 	C:\WINDOWS\SYSTEM32\IPHLPAPI.DLL
0x00007ffd25660000 - 0x00007ffd25668000 	C:\WINDOWS\System32\NSI.dll
0x00007ffd18940000 - 0x00007ffd18957000 	C:\WINDOWS\SYSTEM32\dhcpcsvc6.DLL
0x00007ffd18a10000 - 0x00007ffd18a2d000 	C:\WINDOWS\SYSTEM32\dhcpcsvc.DLL
0x00007ffd22560000 - 0x00007ffd2262a000 	C:\WINDOWS\SYSTEM32\DNSAPI.dll
0x00007ffd210e0000 - 0x00007ffd210f0000 	C:\java\sts-4.17.2.RELEASE\plugins\org.eclipse.justj.openjdk.hotspot.jre.full.win32.x86_64_17.0.6.v20230125-1136\jre\bin\verify.dll
0x00007ffd18190000 - 0x00007ffd1819a000 	C:\Windows\System32\rasadhlp.dll
0x00007ffd15c40000 - 0x00007ffd15cc0000 	C:\WINDOWS\System32\fwpuclnt.dll
0x00007ffd1ae40000 - 0x00007ffd1ae47000 	C:\WINDOWS\system32\wshunix.dll

dbghelp: loaded successfully - version: 4.0.5 - missing functions: none
symbol engine: initialized successfully - sym options: 0x614 - pdb path: .;C:\java\sts-4.17.2.RELEASE\plugins\org.eclipse.justj.openjdk.hotspot.jre.full.win32.x86_64_17.0.6.v20230125-1136\jre\bin;C:\WINDOWS\SYSTEM32;C:\WINDOWS\WinSxS\amd64_microsoft.windows.common-controls_6595b64144ccf1df_6.0.19041.3636_none_60b6a03d71f818d5;C:\java\sts-4.17.2.RELEASE\plugins\org.eclipse.justj.openjdk.hotspot.jre.full.win32.x86_64_17.0.6.v20230125-1136\jre\bin\server

VM Arguments:
jvm_args: -Dfile.encoding=UTF-8 -XX:+ShowCodeDetailsInExceptionMessages 
java_command: com.excelar.blog.BlogAppApisApplication
java_class_path (initial): C:\Users\admin\Documents\workspace-spring-tool-suite-4-4.17.2.RELEASE\blog-app-apis\target\classes;C:\Users\admin\.m2\repository\org\springframework\boot\spring-boot-starter-data-jpa\3.2.0\spring-boot-starter-data-jpa-3.2.0.jar;C:\Users\admin\.m2\repository\org\springframework\boot\spring-boot-starter-aop\3.2.0\spring-boot-starter-aop-3.2.0.jar;C:\Users\admin\.m2\repository\org\springframework\spring-aop\6.1.1\spring-aop-6.1.1.jar;C:\Users\admin\.m2\repository\org\aspectj\aspectjweaver\1.9.20.1\aspectjweaver-1.9.20.1.jar;C:\Users\admin\.m2\repository\org\springframework\boot\spring-boot-starter-jdbc\3.2.0\spring-boot-starter-jdbc-3.2.0.jar;C:\Users\admin\.m2\repository\com\zaxxer\HikariCP\5.0.1\HikariCP-5.0.1.jar;C:\Users\admin\.m2\repository\org\springframework\spring-jdbc\6.1.1\spring-jdbc-6.1.1.jar;C:\Users\admin\.m2\repository\org\hibernate\orm\hibernate-core\6.3.1.Final\hibernate-core-6.3.1.Final.jar;C:\Users\admin\.m2\repository\jakarta\persistence\jakarta.persistence-api\3.1.0\jakarta.persistence-api-3.1.0.jar;C:\Users\admin\.m2\repository\jakarta\transaction\jakarta.transaction-api\2.0.1\jakarta.transaction-api-2.0.1.jar;C:\Users\admin\.m2\repository\org\jboss\logging\jboss-logging\3.5.3.Final\jboss-logging-3.5.3.Final.jar;C:\Users\admin\.m2\repository\org\hibernate\common\hibernate-commons-annotations\6.0.6.Final\hibernate-commons-annotations-6.0.6.Final.jar;C:\Users\admin\.m2\repository\io\smallrye\jandex\3.1.2\jandex-3.1.2.jar;C:\Users\admin\.m2\repository\com\fasterxml\classmate\1.6.0\classmate-1.6.0.jar;C:\Users\admin\.m2\repository\net\bytebuddy\byte-buddy\1.14.10\byte-buddy-1.14.10.jar;C:\Users\admin\.m2\repository\org\glassfish\jaxb\jaxb-runtime\4.0.4\jaxb-runtime-4.0.4.jar;C:\Users\admin\.m2\repository\org\glassfish\jaxb\jaxb-core\4.0.4\jaxb-core-4.0.4.jar;C:\Users\admin\.m2\repository\org\eclipse\angus\angus-activation\2.0.1\angus-activation-2.0.1.jar;C:\Users\admin\.m2\repository\org\glassfish\jaxb\txw2\4.0.4\txw2-4.0.
Launcher Type: SUN_STANDARD

[Global flags]
     intx CICompilerCount                          = 3                                         {product} {ergonomic}
     uint ConcGCThreads                            = 1                                         {product} {ergonomic}
     uint G1ConcRefinementThreads                  = 4                                         {product} {ergonomic}
   size_t G1HeapRegionSize                         = 1048576                                   {product} {ergonomic}
    uintx GCDrainStackTargetSize                   = 64                                        {product} {ergonomic}
   size_t InitialHeapSize                          = 98566144                                  {product} {ergonomic}
   size_t MarkStackSize                            = 4194304                                   {product} {ergonomic}
   size_t MaxHeapSize                              = 1572864000                                {product} {ergonomic}
   size_t MaxNewSize                               = 943718400                                 {product} {ergonomic}
   size_t MinHeapDeltaBytes                        = 1048576                                   {product} {ergonomic}
   size_t MinHeapSize                              = 8388608                                   {product} {ergonomic}
    uintx NonNMethodCodeHeapSize                   = 5832780                                {pd product} {ergonomic}
    uintx NonProfiledCodeHeapSize                  = 122912730                              {pd product} {ergonomic}
    uintx ProfiledCodeHeapSize                     = 122912730                              {pd product} {ergonomic}
    uintx ReservedCodeCacheSize                    = 251658240                              {pd product} {ergonomic}
     bool SegmentedCodeCache                       = true                                      {product} {ergonomic}
     bool ShowCodeDetailsInExceptionMessages       = true                                   {manageable} {command line}
   size_t SoftMaxHeapSize                          = 1572864000                             {manageable} {ergonomic}
     bool UseCompressedClassPointers               = true                           {product lp64_product} {ergonomic}
     bool UseCompressedOops                        = true                           {product lp64_product} {ergonomic}
     bool UseG1GC                                  = true                                      {product} {ergonomic}
     bool UseLargePagesIndividualAllocation        = false                                  {pd product} {ergonomic}

Logging:
Log output configuration:
 #0: stdout all=warning uptime,level,tags
 #1: stderr all=off uptime,level,tags

Environment Variables:
PATH=C:/java/sts-4.17.2.RELEASE//plugins/org.eclipse.justj.openjdk.hotspot.jre.full.win32.x86_64_17.0.6.v20230125-1136/jre/bin/server;C:/java/sts-4.17.2.RELEASE//plugins/org.eclipse.justj.openjdk.hotspot.jre.full.win32.x86_64_17.0.6.v20230125-1136/jre/bin;C:\Program Files\Common Files\Oracle\Java\javapath;C:\Program Files\MinGW\bin;C:\WINDOWS\system32;C:\WINDOWS;C:\WINDOWS\System32\Wbem;C:\WINDOWS\System32\WindowsPowerShell\v1.0\;C:\WINDOWS\System32\OpenSSH\;C:\Program Files\Git\cmd;C:\Program Files\nodejs\;C:\Users\admin\AppData\Local\Programs\Python\Python310\Scripts\;C:\Users\admin\AppData\Local\Programs\Python\Python310\;C:\Program Files\MySQL\MySQL Shell 8.0\bin\;C:\Users\admin\AppData\Local\Microsoft\WindowsApps;;C:\Users\admin\AppData\Local\Programs\Microsoft VS Code\bin;C:\Users\admin\AppData\Roaming\npm;C:\java\sts-4.17.2.RELEASE;
USERNAME=admin
OS=Windows_NT
PROCESSOR_IDENTIFIER=Intel64 Family 6 Model 42 Stepping 7, GenuineIntel
TMP=C:\Users\admin\AppData\Local\Temp
TEMP=C:\Users\admin\AppData\Local\Temp



---------------  S Y S T E M  ---------------

OS:
 Windows 10 , 64 bit Build 19041 (10.0.19041.3636)
OS uptime: 0 days 7:14 hours

CPU: total 4 (initial active 4) (2 cores per cpu, 2 threads per core) family 6 model 42 stepping 7 microcode 0x2f, cx8, cmov, fxsr, ht, mmx, sse, sse2, sse3, ssse3, sse4.1, sse4.2, popcnt, tsc, tscinvbit, avx, clmul, vzeroupper, clflush

Memory: 4k page, system-wide physical 5995M (853M free)
TotalPageFile size 8299M (AvailPageFile size 1893M)
current process WorkingSet (physical memory assigned to process): 256M, peak: 268M
current process commit charge ("private bytes"): 278M, peak: 290M

vm_info: OpenJDK 64-Bit Server VM (17.0.6+10) for windows-amd64 JRE (17.0.6+10), built on Jan 18 2023 10:08:59 by "temurin" with MS VC++ 16.7 (VS2019)

END.
